Analysis & Synthesis report for arm
Tue May 23 15:48:58 2023
Quartus II 64-Bit Version 13.0.1 Build 232 06/12/2013 Service Pack 1 SJ Web Edition


---------------------
; Table of Contents ;
---------------------
  1. Legal Notice
  2. Analysis & Synthesis Summary
  3. Analysis & Synthesis Settings
  4. Parallel Compilation
  5. Analysis & Synthesis Messages
  6. Analysis & Synthesis Suppressed Messages



----------------
; Legal Notice ;
----------------
Copyright (C) 1991-2013 Altera Corporation
Your use of Altera Corporation's design tools, logic functions 
and other software and tools, and its AMPP partner logic 
functions, and any output files from any of the foregoing 
(including device programming or simulation files), and any 
associated documentation or information are expressly subject 
to the terms and conditions of the Altera Program License 
Subscription Agreement, Altera MegaCore Function License 
Agreement, or other applicable license agreement, including, 
without limitation, that your use is for the sole purpose of 
programming logic devices manufactured by Altera and sold by 
Altera or its authorized distributors.  Please refer to the 
applicable agreement for further details.



+--------------------------------------------------------------------------------------+
; Analysis & Synthesis Summary                                                         ;
+------------------------------------+-------------------------------------------------+
; Analysis & Synthesis Status        ; Failed - Tue May 23 15:48:58 2023               ;
; Quartus II 64-Bit Version          ; 13.0.1 Build 232 06/12/2013 SP 1 SJ Web Edition ;
; Revision Name                      ; arm                                             ;
; Top-level Entity Name              ; arm                                             ;
; Family                             ; Cyclone II                                      ;
; Total logic elements               ; N/A until Partition Merge                       ;
;     Total combinational functions  ; N/A until Partition Merge                       ;
;     Dedicated logic registers      ; N/A until Partition Merge                       ;
; Total registers                    ; N/A until Partition Merge                       ;
; Total pins                         ; N/A until Partition Merge                       ;
; Total virtual pins                 ; N/A until Partition Merge                       ;
; Total memory bits                  ; N/A until Partition Merge                       ;
; Embedded Multiplier 9-bit elements ; N/A until Partition Merge                       ;
; Total PLLs                         ; N/A until Partition Merge                       ;
+------------------------------------+-------------------------------------------------+


+----------------------------------------------------------------------------------------------------------------------+
; Analysis & Synthesis Settings                                                                                        ;
+----------------------------------------------------------------------------+--------------------+--------------------+
; Option                                                                     ; Setting            ; Default Value      ;
+----------------------------------------------------------------------------+--------------------+--------------------+
; Device                                                                     ; EP2C35F672C6       ;                    ;
; Top-level entity name                                                      ; arm                ; arm                ;
; Family name                                                                ; Cyclone II         ; Cyclone IV GX      ;
; Use smart compilation                                                      ; Off                ; Off                ;
; Enable parallel Assembler and TimeQuest Timing Analyzer during compilation ; On                 ; On                 ;
; Enable compact report table                                                ; Off                ; Off                ;
; Restructure Multiplexers                                                   ; Auto               ; Auto               ;
; Create Debugging Nodes for IP Cores                                        ; Off                ; Off                ;
; Preserve fewer node names                                                  ; On                 ; On                 ;
; Disable OpenCore Plus hardware evaluation                                  ; Off                ; Off                ;
; Verilog Version                                                            ; Verilog_2001       ; Verilog_2001       ;
; VHDL Version                                                               ; VHDL_1993          ; VHDL_1993          ;
; State Machine Processing                                                   ; Auto               ; Auto               ;
; Safe State Machine                                                         ; Off                ; Off                ;
; Extract Verilog State Machines                                             ; On                 ; On                 ;
; Extract VHDL State Machines                                                ; On                 ; On                 ;
; Ignore Verilog initial constructs                                          ; Off                ; Off                ;
; Iteration limit for constant Verilog loops                                 ; 5000               ; 5000               ;
; Iteration limit for non-constant Verilog loops                             ; 250                ; 250                ;
; Add Pass-Through Logic to Inferred RAMs                                    ; On                 ; On                 ;
; Infer RAMs from Raw Logic                                                  ; On                 ; On                 ;
; Parallel Synthesis                                                         ; On                 ; On                 ;
; DSP Block Balancing                                                        ; Auto               ; Auto               ;
; NOT Gate Push-Back                                                         ; On                 ; On                 ;
; Power-Up Don't Care                                                        ; On                 ; On                 ;
; Remove Redundant Logic Cells                                               ; Off                ; Off                ;
; Remove Duplicate Registers                                                 ; On                 ; On                 ;
; Ignore CARRY Buffers                                                       ; Off                ; Off                ;
; Ignore CASCADE Buffers                                                     ; Off                ; Off                ;
; Ignore GLOBAL Buffers                                                      ; Off                ; Off                ;
; Ignore ROW GLOBAL Buffers                                                  ; Off                ; Off                ;
; Ignore LCELL Buffers                                                       ; Off                ; Off                ;
; Ignore SOFT Buffers                                                        ; On                 ; On                 ;
; Limit AHDL Integers to 32 Bits                                             ; Off                ; Off                ;
; Optimization Technique                                                     ; Balanced           ; Balanced           ;
; Carry Chain Length                                                         ; 70                 ; 70                 ;
; Auto Carry Chains                                                          ; On                 ; On                 ;
; Auto Open-Drain Pins                                                       ; On                 ; On                 ;
; Perform WYSIWYG Primitive Resynthesis                                      ; Off                ; Off                ;
; Auto ROM Replacement                                                       ; On                 ; On                 ;
; Auto RAM Replacement                                                       ; On                 ; On                 ;
; Auto Shift Register Replacement                                            ; Auto               ; Auto               ;
; Allow Shift Register Merging across Hierarchies                            ; Auto               ; Auto               ;
; Auto Clock Enable Replacement                                              ; On                 ; On                 ;
; Strict RAM Replacement                                                     ; Off                ; Off                ;
; Allow Synchronous Control Signals                                          ; On                 ; On                 ;
; Force Use of Synchronous Clear Signals                                     ; Off                ; Off                ;
; Auto RAM to Logic Cell Conversion                                          ; Off                ; Off                ;
; Auto Resource Sharing                                                      ; Off                ; Off                ;
; Allow Any RAM Size For Recognition                                         ; Off                ; Off                ;
; Allow Any ROM Size For Recognition                                         ; Off                ; Off                ;
; Allow Any Shift Register Size For Recognition                              ; Off                ; Off                ;
; Use LogicLock Constraints during Resource Balancing                        ; On                 ; On                 ;
; Ignore translate_off and synthesis_off directives                          ; Off                ; Off                ;
; Timing-Driven Synthesis                                                    ; Off                ; Off                ;
; Report Parameter Settings                                                  ; On                 ; On                 ;
; Report Source Assignments                                                  ; On                 ; On                 ;
; Report Connectivity Checks                                                 ; On                 ; On                 ;
; Ignore Maximum Fan-Out Assignments                                         ; Off                ; Off                ;
; Synchronization Register Chain Length                                      ; 2                  ; 2                  ;
; PowerPlay Power Optimization                                               ; Normal compilation ; Normal compilation ;
; HDL message level                                                          ; Level2             ; Level2             ;
; Suppress Register Optimization Related Messages                            ; Off                ; Off                ;
; Number of Removed Registers Reported in Synthesis Report                   ; 5000               ; 5000               ;
; Number of Swept Nodes Reported in Synthesis Report                         ; 5000               ; 5000               ;
; Number of Inverted Registers Reported in Synthesis Report                  ; 100                ; 100                ;
; Clock MUX Protection                                                       ; On                 ; On                 ;
; Auto Gated Clock Conversion                                                ; Off                ; Off                ;
; Block Design Naming                                                        ; Auto               ; Auto               ;
; SDC constraint protection                                                  ; Off                ; Off                ;
; Synthesis Effort                                                           ; Auto               ; Auto               ;
; Shift Register Replacement - Allow Asynchronous Clear Signal               ; On                 ; On                 ;
; Pre-Mapping Resynthesis Optimization                                       ; Off                ; Off                ;
; Analysis & Synthesis Message Level                                         ; Medium             ; Medium             ;
; Disable Register Merging Across Hierarchies                                ; Auto               ; Auto               ;
; Resource Aware Inference For Block RAM                                     ; On                 ; On                 ;
; Synthesis Seed                                                             ; 1                  ; 1                  ;
+----------------------------------------------------------------------------+--------------------+--------------------+


+------------------------------------------+
; Parallel Compilation                     ;
+----------------------------+-------------+
; Processors                 ; Number      ;
+----------------------------+-------------+
; Number detected on machine ; 16          ;
; Maximum allowed            ; 16          ;
;                            ;             ;
; Average used               ; 1.00        ;
; Maximum used               ; 1           ;
;                            ;             ;
; Usage by Processor         ; % Time Used ;
;     Processor 1            ; 100.0%      ;
;     Processors 2-16        ;   0.0%      ;
+----------------------------+-------------+


+-------------------------------+
; Analysis & Synthesis Messages ;
+-------------------------------+
Info: *******************************************************************
Info: Running Quartus II 64-Bit Analysis & Synthesis
    Info: Version 13.0.1 Build 232 06/12/2013 Service Pack 1 SJ Web Edition
    Info: Processing started: Tue May 23 15:48:57 2023
Info: Command: quartus_map --read_settings_files=on --write_settings_files=off arm -c arm
Info (20030): Parallel compilation is enabled and will use 16 of the 16 processors detected
Info (12021): Found 1 design units, including 1 entities, in source file /users/user/desktop/ut/digital systems ii lab/phase i - arm implementation/arm/wb_stage.v
    Info (12023): Found entity 1: WB_stage
Info (12021): Found 1 design units, including 1 entities, in source file /users/user/desktop/ut/digital systems ii lab/phase i - arm implementation/arm/val2_gen.v
    Info (12023): Found entity 1: Val2Gen
Info (12021): Found 1 design units, including 1 entities, in source file /users/user/desktop/ut/digital systems ii lab/phase i - arm implementation/arm/status_register.v
    Info (12023): Found entity 1: status_register
Info (12021): Found 1 design units, including 1 entities, in source file /users/user/desktop/ut/digital systems ii lab/phase i - arm implementation/arm/reg_file.v
    Info (12023): Found entity 1: RegisterFile
Info (12021): Found 1 design units, including 1 entities, in source file /users/user/desktop/ut/digital systems ii lab/phase i - arm implementation/arm/mem_stage.v
    Info (12023): Found entity 1: MEM_stage
Info (12021): Found 1 design units, including 1 entities, in source file /users/user/desktop/ut/digital systems ii lab/phase i - arm implementation/arm/mem_reg.v
    Info (12023): Found entity 1: MEM_stage_reg
Info (12021): Found 1 design units, including 1 entities, in source file /users/user/desktop/ut/digital systems ii lab/phase i - arm implementation/arm/if_stage_reg.v
    Info (12023): Found entity 1: IF_stage_reg
Info (12021): Found 1 design units, including 1 entities, in source file /users/user/desktop/ut/digital systems ii lab/phase i - arm implementation/arm/if_stage.v
    Info (12023): Found entity 1: IF_stage
Info (12021): Found 1 design units, including 1 entities, in source file /users/user/desktop/ut/digital systems ii lab/phase i - arm implementation/arm/id_stage_reg.v
    Info (12023): Found entity 1: ID_stage_reg
Info (12021): Found 1 design units, including 1 entities, in source file /users/user/desktop/ut/digital systems ii lab/phase i - arm implementation/arm/id_stage.v
    Info (12023): Found entity 1: ID_stage
Info (12021): Found 1 design units, including 1 entities, in source file /users/user/desktop/ut/digital systems ii lab/phase i - arm implementation/arm/hazard_detection_unit.v
    Info (12023): Found entity 1: hazard_Detection_Unit
Info (12021): Found 1 design units, including 1 entities, in source file /users/user/desktop/ut/digital systems ii lab/phase i - arm implementation/arm/exe_stage.v
    Info (12023): Found entity 1: EXE_stage
Info (12021): Found 1 design units, including 1 entities, in source file /users/user/desktop/ut/digital systems ii lab/phase i - arm implementation/arm/exe_reg.v
    Info (12023): Found entity 1: EXE_stage_reg
Info (12021): Found 1 design units, including 1 entities, in source file /users/user/desktop/ut/digital systems ii lab/phase i - arm implementation/arm/controller.v
    Info (12023): Found entity 1: Controller
Info (12021): Found 1 design units, including 1 entities, in source file /users/user/desktop/ut/digital systems ii lab/phase i - arm implementation/arm/control_unit.v
    Info (12023): Found entity 1: Control_Unit
Info (12021): Found 1 design units, including 1 entities, in source file /users/user/desktop/ut/digital systems ii lab/phase i - arm implementation/arm/condition_check.v
    Info (12023): Found entity 1: Condition_Check
Info (12021): Found 1 design units, including 1 entities, in source file /users/user/desktop/ut/digital systems ii lab/phase i - arm implementation/arm/arm_processor.v
    Info (12023): Found entity 1: ARM_Processor
Info (12021): Found 1 design units, including 1 entities, in source file /users/user/desktop/ut/digital systems ii lab/phase i - arm implementation/arm/alu.v
    Info (12023): Found entity 1: ALU
Info (12021): Found 1 design units, including 1 entities, in source file arm.v
    Info (12023): Found entity 1: arm
Info (12021): Found 1 design units, including 1 entities, in source file forwarding_unit.v
    Info (12023): Found entity 1: Forwarding_unit
Warning (10236): Verilog HDL Implicit Net warning at ARM_Processor.v(61): created implicit net for "SR_cin"
Warning (10236): Verilog HDL Implicit Net warning at ARM_Processor.v(62): created implicit net for "SR_ov_in"
Info (12127): Elaborating entity "arm" for the top level hierarchy
Warning (10034): Output port "HEX0" at arm.v(187) has no driver
Warning (10034): Output port "HEX1" at arm.v(188) has no driver
Warning (10034): Output port "HEX2" at arm.v(189) has no driver
Warning (10034): Output port "HEX3" at arm.v(190) has no driver
Warning (10034): Output port "HEX4" at arm.v(191) has no driver
Warning (10034): Output port "HEX5" at arm.v(192) has no driver
Warning (10034): Output port "HEX6" at arm.v(193) has no driver
Warning (10034): Output port "HEX7" at arm.v(194) has no driver
Warning (10034): Output port "LEDG" at arm.v(196) has no driver
Warning (10034): Output port "LEDR" at arm.v(197) has no driver
Warning (10034): Output port "DRAM_ADDR" at arm.v(206) has no driver
Warning (10034): Output port "FL_ADDR" at arm.v(219) has no driver
Warning (10034): Output port "SRAM_ADDR" at arm.v(226) has no driver
Warning (10034): Output port "OTG_ADDR" at arm.v(234) has no driver
Warning (10034): Output port "VGA_R" at arm.v(276) has no driver
Warning (10034): Output port "VGA_G" at arm.v(277) has no driver
Warning (10034): Output port "VGA_B" at arm.v(278) has no driver
Warning (10034): Output port "DRAM_LDQM" at arm.v(207) has no driver
Warning (10034): Output port "DRAM_UDQM" at arm.v(208) has no driver
Warning (10034): Output port "DRAM_WE_N" at arm.v(209) has no driver
Warning (10034): Output port "DRAM_CAS_N" at arm.v(210) has no driver
Warning (10034): Output port "DRAM_RAS_N" at arm.v(211) has no driver
Warning (10034): Output port "DRAM_CS_N" at arm.v(212) has no driver
Warning (10034): Output port "DRAM_BA_0" at arm.v(213) has no driver
Warning (10034): Output port "DRAM_BA_1" at arm.v(214) has no driver
Warning (10034): Output port "DRAM_CLK" at arm.v(215) has no driver
Warning (10034): Output port "DRAM_CKE" at arm.v(216) has no driver
Warning (10034): Output port "FL_WE_N" at arm.v(220) has no driver
Warning (10034): Output port "FL_RST_N" at arm.v(221) has no driver
Warning (10034): Output port "FL_OE_N" at arm.v(222) has no driver
Warning (10034): Output port "FL_CE_N" at arm.v(223) has no driver
Warning (10034): Output port "SRAM_UB_N" at arm.v(227) has no driver
Warning (10034): Output port "SRAM_LB_N" at arm.v(228) has no driver
Warning (10034): Output port "SRAM_WE_N" at arm.v(229) has no driver
Warning (10034): Output port "SRAM_CE_N" at arm.v(230) has no driver
Warning (10034): Output port "SRAM_OE_N" at arm.v(231) has no driver
Warning (10034): Output port "OTG_CS_N" at arm.v(235) has no driver
Warning (10034): Output port "OTG_RD_N" at arm.v(236) has no driver
Warning (10034): Output port "OTG_WR_N" at arm.v(237) has no driver
Warning (10034): Output port "OTG_RST_N" at arm.v(238) has no driver
Warning (10034): Output port "OTG_FSPEED" at arm.v(239) has no driver
Warning (10034): Output port "OTG_LSPEED" at arm.v(240) has no driver
Warning (10034): Output port "OTG_DACK0_N" at arm.v(245) has no driver
Warning (10034): Output port "OTG_DACK1_N" at arm.v(246) has no driver
Warning (10034): Output port "LCD_ON" at arm.v(249) has no driver
Warning (10034): Output port "LCD_BLON" at arm.v(250) has no driver
Warning (10034): Output port "LCD_RW" at arm.v(251) has no driver
Warning (10034): Output port "LCD_EN" at arm.v(252) has no driver
Warning (10034): Output port "LCD_RS" at arm.v(253) has no driver
Warning (10034): Output port "TDO" at arm.v(269) has no driver
Warning (10034): Output port "I2C_SCLK" at arm.v(261) has no driver
Warning (10034): Output port "VGA_CLK" at arm.v(271) has no driver
Warning (10034): Output port "VGA_HS" at arm.v(272) has no driver
Warning (10034): Output port "VGA_VS" at arm.v(273) has no driver
Warning (10034): Output port "VGA_BLANK" at arm.v(274) has no driver
Warning (10034): Output port "VGA_SYNC" at arm.v(275) has no driver
Warning (10034): Output port "ENET_CMD" at arm.v(281) has no driver
Warning (10034): Output port "ENET_CS_N" at arm.v(282) has no driver
Warning (10034): Output port "ENET_WR_N" at arm.v(283) has no driver
Warning (10034): Output port "ENET_RD_N" at arm.v(284) has no driver
Warning (10034): Output port "ENET_RST_N" at arm.v(285) has no driver
Warning (10034): Output port "ENET_CLK" at arm.v(287) has no driver
Warning (10034): Output port "AUD_DACDAT" at arm.v(292) has no driver
Warning (10034): Output port "AUD_XCK" at arm.v(294) has no driver
Warning (10034): Output port "TD_RESET" at arm.v(299) has no driver
Info (12128): Elaborating entity "ARM_Processor" for hierarchy "ARM_Processor:ARMtest"
Warning (10036): Verilog HDL or VHDL warning at ARM_Processor.v(61): object "SR_cin" assigned a value but never read
Warning (10036): Verilog HDL or VHDL warning at ARM_Processor.v(62): object "SR_ov_in" assigned a value but never read
Error (10285): Verilog HDL Module Instantiation error at ARM_Processor.v(78): instance "ID_Reg" specifies 35 actual port connections but module "ID_stage_reg" only expects 31 File: C:/Users/user/Desktop/UT/Digital Systems II Lab/Phase I - ARM Implementation/ARM/ARM_Processor.v Line: 78
Error (12152): Can't elaborate user hierarchy "ARM_Processor:ARMtest" File: C:/Users/user/Desktop/UT/Digital Systems II Lab/Phase I - ARM Implementation/ARM Synthesis/arm.v Line: 305
Info (144001): Generated suppressed messages file C:/Users/user/Desktop/UT/Digital Systems II Lab/Phase I - ARM Implementation/ARM Synthesis/output_files/arm.map.smsg
Error: Quartus II 64-Bit Analysis & Synthesis was unsuccessful. 2 errors, 69 warnings
    Error: Peak virtual memory: 4608 megabytes
    Error: Processing ended: Tue May 23 15:48:58 2023
    Error: Elapsed time: 00:00:01
    Error: Total CPU time (on all processors): 00:00:01


+------------------------------------------+
; Analysis & Synthesis Suppressed Messages ;
+------------------------------------------+
The suppressed messages can be found in C:/Users/user/Desktop/UT/Digital Systems II Lab/Phase I - ARM Implementation/ARM Synthesis/output_files/arm.map.smsg.


